Arguments: 
  C:\Program Files\nodejs\node.exe C:\Program Files (x86)\Yarn\bin\yarn.js install

PATH: 
  C:\Python27\;C:\Python27\Scripts;C:\Program Files (x86)\Common Files\Oracle\Java\javapath;C:\Windows\system32;C:\Windows;C:\Windows\System32\Wbem;C:\Windows\System32\WindowsPowerShell\v1.0\;C:\Windows\System32\OpenSSH\;C:\Program Files (x86)\NVIDIA Corporation\PhysX\Common;C:\Program Files\NVIDIA Corporation\NVIDIA NvDLISR;C:\WINDOWS\system32;C:\WINDOWS;C:\WINDOWS\System32\Wbem;C:\WINDOWS\System32\WindowsPowerShell\v1.0\;C:\WINDOWS\System32\OpenSSH\;C:\Program Files\Git\cmd;C:\ProgramData\chocolatey\bin;C:\Program Files\nodejs\;C:\Program Files\OpenJDK\openjdk-8u282-b08\bin;C:\Program Files (x86)\Yarn\bin\;C:\Program Files\Java\jdk1.8.0_211\bin;C:\MinGW\bin;C:\Users\Alternative\AppData\Local\Microsoft\WindowsApps;C:\Users\Alternative\AppData\Local\Android\Sdk\platform-tools;C:\Users\Alternative\AppData\Local\Programs\Microsoft VS Code\bin;

Yarn version: 
  1.22.5

Node version: 
  15.10.0

Platform: 
  win32 x64

Trace: 
  SyntaxError: C:\Users\Alternative\Projetos\MEAU\package.json: Unexpected token < in JSON at position 311
      at JSON.parse (<anonymous>)
      at C:\Program Files (x86)\Yarn\lib\cli.js:1625:59
      at Generator.next (<anonymous>)
      at step (C:\Program Files (x86)\Yarn\lib\cli.js:310:30)
      at C:\Program Files (x86)\Yarn\lib\cli.js:321:13

npm manifest: 
  {
    "name": "MEAU",
    "version": "0.0.1",
    "private": true,
    "scripts": {
      "android": "react-native run-android",
      "ios": "react-native run-ios",
      "start": "react-native start",
      "test": "jest",
      "lint": "eslint ."
    },
    "dependencies": {
      "@react-native-community/masked-view": "^0.1.10",
  <<<<<<< HEAD
      "@react-navigation/drawer": "^5.12.4",
  =======
      "@react-native-firebase/app": "^11.0.0",
      "@react-native-firebase/auth": "^11.0.0",
  >>>>>>> 1193b6df619b488cd295aeb7645d1d2f97bdfae2
      "@react-navigation/native": "^5.9.3",
      "@react-navigation/stack": "^5.14.3",
      "react": "16.13.1",
      "react-native": "0.63.4",
      "react-native-elements": "^3.2.0",
      "react-native-gesture-handler": "^1.10.3",
      "react-native-icons": "^0.7.1",
      "react-native-image-crop-picker": "^0.36.0",
      "react-native-reanimated": "^1.13.2",
      "react-native-safe-area-context": "^3.1.9",
      "react-native-screens": "^2.18.0",
      "react-native-vector-icons": "^8.1.0"
    },
    "devDependencies": {
      "@babel/core": "7.13.8",
      "@babel/runtime": "7.13.8",
      "@react-native-community/eslint-config": "1.1.0",
      "babel-jest": "25.5.1",
      "eslint": "6.8.0",
      "jest": "25.5.4",
      "metro-react-native-babel-preset": "0.59.0",
      "react-test-renderer": "16.13.1"
    },
    "jest": {
      "preset": "react-native"
    }
  }

yarn manifest: 
  No manifest

Lockfile: 
  No lockfile
